Next mod: notenoughcrashes
depends obligatory on forge
depends obligatory on minecraft
Next mod: betterdungeons
depends obligatory on forge
depends obligatory on yungsapi
Next mod: auudio
depends obligatory on forge
depends obligatory on minecraft
Next mod: unionlib
depends obligatory on forge
depends obligatory on minecraft
Next mod: supermartijn642configlib
depends obligatory on forge
depends obligatory on minecraft
Next mod: iv_tcp_v3
Next mod: transliterationlib
depends obligatory on forge
depends obligatory on minecraft
Next mod: cure
depends obligatory on minecraft
Next mod: philips_ruins1_16_5
depends obligatory on minecraft
Next mod: incontrol
depends obligatory on forge
Next mod: satako
depends obligatory on forge
depends obligatory on minecraft
Next mod: controlling
depends obligatory on forge
depends obligatory on minecraft
Next mod: yungsapi
Next mod: mutantbeasts
depends obligatory on forge
depends obligatory on minecraft
Next mod: bookshelf
depends obligatory on forge
depends obligatory on minecraft
Next mod: sophisticatedbackpacks
Next mod: food_cans
depends obligatory on minecraft
Next mod: hordes
depends obligatory on atlaslib
Next mod: dummmmmmy
depends obligatory on forge
depends obligatory on minecraft
Next mod: emojiful
depends obligatory on minecraft
Next mod: konkrete
depends obligatory on forge
depends obligatory on minecraft
Next mod: chipped
Next mod: farmersdelight
depends obligatory on forge
depends obligatory on minecraft
Next mod: mtsofficialpack
depends obligatory on mts
Next mod: dustrial_decor
depends obligatory on forge
depends obligatory on minecraft
Next mod: geode
depends obligatory on minecraft
Next mod: supermartijn642corelib
depends obligatory on forge
depends obligatory on minecraft
Next mod: curios
depends obligatory on forge
depends obligatory on minecraft
Next mod: collective
depends obligatory on forge
depends obligatory on minecraft
Next mod: roadstuff
depends obligatory on forge
depends obligatory on minecraft
depends obligatory on mapperbase
Next mod: appletreesrev
depends obligatory on forge
depends obligatory on minecraft
Next mod: advancednetherite
depends obligatory on forge
depends obligatory on minecraft
depends optionally on detailab
Next mod: betterthirdperson
depends obligatory on forge
depends obligatory on minecraft
Next mod: lostcities
depends obligatory on forge
Next mod: survive
depends obligatory on forge
depends obligatory on minecraft
depends obligatory on unionlib
depends optionally on combat
depends optionally on sereneseasons
Next mod: obfuscate
depends obligatory on forge
depends obligatory on minecraft
Next mod: betterstrongholds
depends obligatory on forge
depends obligatory on yungsapi
Next mod: atlaslib
Next mod: worldedit
depends obligatory on minecraft
depends obligatory on forge
depends optionally on sponge
Next mod: starterkit
depends obligatory on collective
Next mod: eatinganimation
Next mod: onlylooking
depends obligatory on forge
depends obligatory on minecraft
Next mod: cfm
depends obligatory on forge
depends obligatory on minecraft
Next mod: firstjoinmessage
depends obligatory on collective
Next mod: cloth-config
Next mod: trashcans
depends obligatory on forge
depends obligatory on minecraft
depends obligatory on supermartijn642corelib
depends obligatory on supermartijn642configlib
Next mod: letmedespawn
depends obligatory on forge
depends obligatory on minecraft
Next mod: fastleafdecay
Next mod: bettermineshafts
depends obligatory on forge
depends obligatory on minecraft
depends obligatory on yungsapi
Next mod: fmextension_audio
depends obligatory on fancymenu
depends obligatory on auudio
depends obligatory on forge
depends obligatory on minecraft
Next mod: effortlessbuilding
Next mod: k-turrets
depends obligatory on forge
depends obligatory on satako
Next mod: sndctrl
depends optionally on dsurround
Next mod: jei
depends obligatory on forge
depends obligatory on minecraft
Next mod: tac
depends obligatory on forge
depends obligatory on minecraft
depends obligatory on obfuscate
depends obligatory on curios
Next mod: journeymap
depends obligatory on forge
Next mod: comforts
depends obligatory on forge
depends obligatory on minecraft
Next mod: travelersbackpack
depends obligatory on forge
Next mod: sereneseasons
depends obligatory on forge
Next mod: badmobs
depends obligatory on forge
depends obligatory on minecraft
Next mod: farsightedmobs
depends obligatory on forge
depends obligatory on minecraft
Next mod: mapperbase
depends obligatory on forge
depends obligatory on minecraft
Next mod: mts
depends obligatory on forge
Next mod: firstaid
depends obligatory on minecraft
Next mod: iv_tpp
Next mod: dsurround
depends obligatory on forge
depends obligatory on minecraft
Next mod: selene
depends obligatory on forge
depends obligatory on minecraft
Next mod: horsecombatcontrols
depends obligatory on forge
depends obligatory on minecraft
Next mod: environs
depends optionally on sndctrl
Next mod: voicechat
depends obligatory on forge
depends obligatory on minecraft
depends optionally on cloth_config
Next mod: enchdesc
depends obligatory on forge
depends obligatory on minecraft
depends obligatory on bookshelf
Next mod: swingthroughgrass
depends obligatory on forge
depends obligatory on minecraft
Next mod: mousetweaks
Next mod: toolbelt
depends obligatory on forge
depends obligatory on minecraft
depends optionally on sewingkit
Next mod: entity_culling
Next mod: shouldersurfing
depends obligatory on minecraft
Next mod: bunker_down
depends obligatory on minecraft
Next mod: mobeffects
depends optionally on sndctrl
Next mod: zombie_drops_
depends obligatory on minecraft
Next mod: notenoughanimations
depends obligatory on forge
depends obligatory on minecraft
depends obligatory on transliterationlib
Next mod: gravestone
depends obligatory on forge
depends obligatory on minecraft
Next mod: mobsunscreen
depends obligatory on forge
depends obligatory on minecraft
Next mod: polymorph
depends obligatory on forge
depends obligatory on minecraft
depends optionally on fastbench
depends optionally on fastfurnace
depends optionally on sophisticatedbackpacks
Next mod: securitycraft
depends obligatory on forge
depends obligatory on minecraft
Next mod: ambientenvironment
Next mod: bear_trap
depends obligatory on minecraft
Next mod: fancymenu
depends obligatory on konkrete
depends optionally on findme
depends optionally on drippyloadingscreen
depends obligatory on forge
depends obligatory on minecraft
Next mod: coroutil
Next mod: blood_and_gore
depends obligatory on minecraft
Next mod: appleskin
depends obligatory on forge
Next mod: lootr
Next mod: engineersdecor
depends obligatory on forge
depends obligatory on minecraft
Next mod: nefdecomod
depends obligatory on minecraft
Next mod: enhancedcelestials
depends obligatory on forge
depends obligatory on minecraft
Next mod: exlinefurniture
depends obligatory on forge
depends obligatory on minecraft
